<?xml version="1.0" encoding="UTF-8"?>
<testng-results ignored="0" total="5" passed="4" failed="1" skipped="0">
  <reporter-output>
  </reporter-output>
  <suite started-at="2022-11-11T23:08:37 IST" name="Default suite" finished-at="2022-11-11T23:09:09 IST" duration-ms="31423">
    <groups>
    </groups>
    <test started-at="2022-11-11T23:08:37 IST" name="Default test" finished-at="2022-11-11T23:09:09 IST" duration-ms="31423">
      <class name="com.helper.sampletesting.TestSpringer">
        <test-method is-config="true" signature="Setup()[pri:0, instance:com.helper.sampletesting.TestSpringer@428640fa]" started-at="2022-11-11T23:08:37 IST" name="Setup" finished-at="2022-11-11T23:09:03 IST" duration-ms="25882" status="PASS">
          <reporter-output>
          </reporter-output>
        </test-method> <!-- Setup -->
        <test-method signature="verifySearchButtonIsEnabledTest()[pri:0, instance:com.helper.sampletesting.TestSpringer@428640fa]" started-at="2022-11-11T23:09:03 IST" name="verifySearchButtonIsEnabledTest" finished-at="2022-11-11T23:09:04 IST" duration-ms="365" status="FAIL">
          <exception class="java.lang.AssertionError">
            <message>
              <![CDATA[expected [false] but found [true]]]>
            </message>
            <full-stacktrace>
              <![CDATA[java.lang.AssertionError: expected [false] but found [true]
at org.testng.Assert.fail(Assert.java:99)
at org.testng.Assert.failNotEquals(Assert.java:1037)
at org.testng.Assert.assertFalse(Assert.java:67)
at org.testng.Assert.assertFalse(Assert.java:77)
at com.helper.sampletesting.TestSpringer.verifySearchButtonIsEnabledTest(TestSpringer.java:49)
at java.base/jdk.internal.reflect.NativeMethodAccessorImpl.invoke0(Native Method)
at java.base/jdk.internal.reflect.NativeMethodAccessorImpl.invoke(NativeMethodAccessorImpl.java:78)
at java.base/jdk.internal.reflect.DelegatingMethodAccessorImpl.invoke(DelegatingMethodAccessorImpl.java:43)
at java.base/java.lang.reflect.Method.invoke(Method.java:567)
at org.testng.internal.MethodInvocationHelper.invokeMethod(MethodInvocationHelper.java:133)
at org.testng.internal.TestInvoker.invokeMethod(TestInvoker.java:598)
at org.testng.internal.TestInvoker.invokeTestMethod(TestInvoker.java:173)
at org.testng.internal.MethodRunner.runInSequence(MethodRunner.java:46)
at org.testng.internal.TestInvoker$MethodInvocationAgent.invoke(TestInvoker.java:824)
at org.testng.internal.TestInvoker.invokeTestMethods(TestInvoker.java:146)
at org.testng.internal.TestMethodWorker.invokeTestMethods(TestMethodWorker.java:146)
at org.testng.internal.TestMethodWorker.run(TestMethodWorker.java:128)
at java.base/java.util.ArrayList.forEach(ArrayList.java:1511)
at org.testng.TestRunner.privateRun(TestRunner.java:794)
at org.testng.TestRunner.run(TestRunner.java:596)
at org.testng.SuiteRunner.runTest(SuiteRunner.java:377)
at org.testng.SuiteRunner.runSequentially(SuiteRunner.java:371)
at org.testng.SuiteRunner.privateRun(SuiteRunner.java:332)
at org.testng.SuiteRunner.run(SuiteRunner.java:276)
at org.testng.SuiteRunnerWorker.runSuite(SuiteRunnerWorker.java:53)
at org.testng.SuiteRunnerWorker.run(SuiteRunnerWorker.java:96)
at org.testng.TestNG.runSuitesSequentially(TestNG.java:1212)
at org.testng.TestNG.runSuitesLocally(TestNG.java:1134)
at org.testng.TestNG.runSuites(TestNG.java:1063)
at org.testng.TestNG.run(TestNG.java:1031)
at org.testng.remote.AbstractRemoteTestNG.run(AbstractRemoteTestNG.java:115)
at org.testng.remote.RemoteTestNG.initAndRun(RemoteTestNG.java:251)
at org.testng.remote.RemoteTestNG.main(RemoteTestNG.java:77)
]]>
            </full-stacktrace>
          </exception> <!-- java.lang.AssertionError -->
          <reporter-output>
          </reporter-output>
        </test-method> <!-- verifySearchButtonIsEnabledTest -->
        <test-method signature="verifyPageTitleTest()[pri:1, instance:com.helper.sampletesting.TestSpringer@428640fa]" started-at="2022-11-11T23:09:04 IST" name="verifyPageTitleTest" finished-at="2022-11-11T23:09:04 IST" duration-ms="19" status="PASS">
          <reporter-output>
          </reporter-output>
        </test-method> <!-- verifyPageTitleTest -->
        <test-method signature="verifyLogo()[pri:2, instance:com.helper.sampletesting.TestSpringer@428640fa]" started-at="2022-11-11T23:09:04 IST" name="verifyLogo" finished-at="2022-11-11T23:09:04 IST" duration-ms="131" status="PASS">
          <reporter-output>
          </reporter-output>
        </test-method> <!-- verifyLogo -->
        <test-method signature="verifySearchButtonIsVisisbleTest()[pri:3, instance:com.helper.sampletesting.TestSpringer@428640fa]" started-at="2022-11-11T23:09:04 IST" name="verifySearchButtonIsVisisbleTest" finished-at="2022-11-11T23:09:04 IST" duration-ms="76" status="PASS">
          <reporter-output>
          </reporter-output>
        </test-method> <!-- verifySearchButtonIsVisisbleTest -->
        <test-method signature="verifySearchClickTest()[pri:4, instance:com.helper.sampletesting.TestSpringer@428640fa]" started-at="2022-11-11T23:09:04 IST" name="verifySearchClickTest" finished-at="2022-11-11T23:09:08 IST" duration-ms="4071" status="PASS">
          <reporter-output>
          </reporter-output>
        </test-method> <!-- verifySearchClickTest -->
        <test-method is-config="true" signature="Closingtest()[pri:0, instance:com.helper.sampletesting.TestSpringer@428640fa]" started-at="2022-11-11T23:09:08 IST" name="Closingtest" finished-at="2022-11-11T23:09:09 IST" duration-ms="763" status="PASS">
          <reporter-output>
          </reporter-output>
        </test-method> <!-- Closingtest -->
      </class> <!-- com.helper.sampletesting.TestSpringer -->
    </test> <!-- Default test -->
  </suite> <!-- Default suite -->
</testng-results>
